<?xml version="1.0" encoding="UTF-8"?>
<!-- Generated by org.testng.reporters.JUnitXMLReporter -->
<testsuite ignored="0" hostname="LAPTOP-CRB8G86E" failures="0" tests="3" name="Test2" time="0.023" errors="0" timestamp="15 Aug 2019 14:20:59 GMT">
  <testcase classname="com.mycompany.seleniumjavaproject.Sample2Test" name="Sample2Test1" time="0.002"/>
  <testcase classname="com.mycompany.seleniumjavaproject.Sample2Test" name="Sample2Test2" time="0.002"/>
  <testcase classname="com.mycompany.seleniumjavaproject.Sample2Test" name="Sample2Test3" time="0.002"/>
</testsuite> <!-- Test2 -->
