<?xml version="1.0" encoding="UTF-8"?>
<!-- Generated by org.testng.reporters.JUnitXMLReporter -->
<testsuite ignored="0" hostname="LAPTOP-CRB8G86E" failures="0" tests="3" name="Test" time="0.062" errors="0" timestamp="15 Aug 2019 14:20:59 GMT">
  <testcase classname="com.mycompany.seleniumjavaproject.Sample1Test" name="Sample1Test1" time="0.008"/>
  <testcase classname="com.mycompany.seleniumjavaproject.Sample1Test" name="Sample1Test2" time="0.004"/>
  <testcase classname="com.mycompany.seleniumjavaproject.Sample1Test" name="Sample1Test3" time="0.003"/>
</testsuite> <!-- Test -->
