<?xml version="1.0" encoding="UTF-8"?>
<!-- Generated by org.testng.reporters.JUnitXMLReporter -->
<testsuite ignored="0" hostname="LAPTOP-CRB8G86E" failures="0" tests="3" name="Default test" time="0.077" errors="0" timestamp="15 Aug 2019 14:00:26 GMT">
  <testcase classname="com.mycompany.seleniumjavaproject.Sample2Test" name="Sample2Test1" time="0.007"/>
  <testcase classname="com.mycompany.seleniumjavaproject.Sample2Test" name="Sample2Test2" time="0.002"/>
  <testcase classname="com.mycompany.seleniumjavaproject.Sample2Test" name="Sample2Test3" time="0.003"/>
</testsuite> <!-- Default test -->
